# JRE version: OpenJDK Runtime Environment (8.0_242-b01) (build 1.8.0_242-release-1644-b01)
# Java VM: OpenJDK 64-Bit Server VM (25.242-b01 mixed mode windows-amd64 compressed oops)
Heap:
 PSYoungGen      total 538624K, used 403561K [0x00000000d5580000, 0x00000000f9e00000, 0x0000000100000000)
  eden space 485888K, 82% used [0x00000000d5580000,0x00000000edb1a458,0x00000000f3000000)
  from space 52736K, 8% used [0x00000000f6a80000,0x00000000f6f00080,0x00000000f9e00000)
  to   space 56320K, 0% used [0x00000000f3000000,0x00000000f3000000,0x00000000f6700000)
 ParOldGen       total 227840K, used 181364K [0x0000000080000000, 0x000000008de80000, 0x00000000d5580000)
  object space 227840K, 79% used [0x0000000080000000,0x000000008b11d1c8,0x000000008de80000)
 Metaspace       used 109586K, capacity 118298K, committed 118568K, reserved 1153024K
  class space    used 14114K, capacity 15611K, committed 15664K, reserved 1048576K
GC Heap History (10 events):
Event: 10701.238 GC heap before
{Heap before GC invocations=72 (full 4):
 PSYoungGen      total 542208K, used 502338K [0x00000000d5580000, 0x00000000f9e00000, 0x0000000100000000)
  eden space 485888K, 100% used [0x00000000d5580000,0x00000000f3000000,0x00000000f3000000)
  from space 56320K, 29% used [0x00000000f3000000,0x00000000f4010ae8,0x00000000f6700000)
  to   space 52736K, 0% used [0x00000000f6a80000,0x00000000f6a80000,0x00000000f9e00000)
 ParOldGen       total 227840K, used 143693K [0x0000000080000000, 0x000000008de80000, 0x00000000d5580000)
  object space 227840K, 63% used [0x0000000080000000,0x0000000088c53748,0x000000008de80000)
 Metaspace       used 109492K, capacity 118150K, committed 118312K, reserved 1153024K
  class space    used 14111K, capacity 15609K, committed 15664K, reserved 1048576K
Event: 10701.299 GC heap after
Heap after GC invocations=72 (full 4):
 PSYoungGen      total 538624K, used 15400K [0x00000000d5580000, 0x00000000f9e00000, 0x0000000100000000)
  eden space 485888K, 0% used [0x00000000d5580000,0x00000000d5580000,0x00000000f3000000)
  from space 52736K, 29% used [0x00000000f6a80000,0x00000000f798a360,0x00000000f9e00000)
  to   space 56320K, 0% used [0x00000000f3000000,0x00000000f3000000,0x00000000f6700000)
 ParOldGen       total 227840K, used 156258K [0x0000000080000000, 0x000000008de80000, 0x00000000d5580000)
  object space 227840K, 68% used [0x0000000080000000,0x0000000089898848,0x000000008de80000)
 Metaspace       used 109492K, capacity 118150K, committed 118312K, reserved 1153024K
  class space    used 14111K, capacity 15609K, committed 15664K, reserved 1048576K
}
Event: 10702.738 GC heap before
{Heap before GC invocations=73 (full 4):
 PSYoungGen      total 538624K, used 501288K [0x00000000d5580000, 0x00000000f9e00000, 0x0000000100000000)
  eden space 485888K, 100% used [0x00000000d5580000,0x00000000f3000000,0x00000000f3000000)
  from space 52736K, 29% used [0x00000000f6a80000,0x00000000f798a360,0x00000000f9e00000)
  to   space 56320K, 0% used [0x00000000f3000000,0x00000000f3000000,0x00000000f6700000)
 ParOldGen       total 227840K, used 156258K [0x0000000080000000, 0x000000008de80000, 0x00000000d5580000)
  object space 227840K, 68% used [0x0000000080000000,0x0000000089898848,0x000000008de80000)
 Metaspace       used 109527K, capacity 118150K, committed 118312K, reserved 1153024K
  class space    used 14113K, capacity 15609K, committed 15664K, reserved 1048576K
Event: 10702.762 GC heap after
Heap after GC invocations=73 (full 4):
 PSYoungGen      total 542208K, used 8750K [0x00000000d5580000, 0x00000000f9e00000, 0x0000000100000000)
  eden space 485888K, 0% used [0x00000000d5580000,0x00000000d5580000,0x00000000f3000000)
  from space 56320K, 15% used [0x00000000f3000000,0x00000000f388bb88,0x00000000f6700000)
  to   space 52736K, 0% used [0x00000000f6a80000,0x00000000f6a80000,0x00000000f9e00000)
 ParOldGen       total 227840K, used 168661K [0x0000000080000000, 0x000000008de80000, 0x00000000d5580000)
  object space 227840K, 74% used [0x0000000080000000,0x000000008a4b55c8,0x000000008de80000)
 Metaspace       used 109527K, capacity 118150K, committed 118312K, reserved 1153024K
  class space    used 14113K, capacity 15609K, committed 15664K, reserved 1048576K
}
Event: 10704.064 GC heap before
{Heap before GC invocations=74 (full 4):
 PSYoungGen      total 542208K, used 494638K [0x00000000d5580000, 0x00000000f9e00000, 0x0000000100000000)
  eden space 485888K, 100% used [0x00000000d5580000,0x00000000f3000000,0x00000000f3000000)
  from space 56320K, 15% used [0x00000000f3000000,0x00000000f388bb88,0x00000000f6700000)
  to   space 52736K, 0% used [0x00000000f6a80000,0x00000000f6a80000,0x00000000f9e00000)
 ParOldGen       total 227840K, used 168661K [0x0000000080000000, 0x000000008de80000, 0x00000000d5580000)
  object space 227840K, 74% used [0x0000000080000000,0x000000008a4b55c8,0x000000008de80000)
 Metaspace       used 109540K, capacity 118220K, committed 118312K, reserved 1153024K
  class space    used 14113K, capacity 15610K, committed 15664K, reserved 1048576K
Event: 10704.090 GC heap after
Heap after GC invocations=74 (full 4):
 PSYoungGen      total 538624K, used 4529K [0x00000000d5580000, 0x00000000f9e00000, 0x0000000100000000)
  eden space 485888K, 0% used [0x00000000d5580000,0x00000000d5580000,0x00000000f3000000)
  from space 52736K, 8% used [0x00000000f6a80000,0x00000000f6eec488,0x00000000f9e00000)
  to   space 56320K, 0% used [0x00000000f3000000,0x00000000f3000000,0x00000000f6700000)
 ParOldGen       total 227840K, used 174007K [0x0000000080000000, 0x000000008de80000, 0x00000000d5580000)
  object space 227840K, 76% used [0x0000000080000000,0x000000008a9edc78,0x000000008de80000)
 Metaspace       used 109540K, capacity 118220K, committed 118312K, reserved 1153024K
  class space    used 14113K, capacity 15610K, committed 15664K, reserved 1048576K
}
Event: 10705.321 GC heap before
{Heap before GC invocations=75 (full 4):
 PSYoungGen      total 538624K, used 490417K [0x00000000d5580000, 0x00000000f9e00000, 0x0000000100000000)
  eden space 485888K, 100% used [0x00000000d5580000,0x00000000f3000000,0x00000000f3000000)
  from space 52736K, 8% used [0x00000000f6a80000,0x00000000f6eec488,0x00000000f9e00000)
  to   space 56320K, 0% used [0x00000000f3000000,0x00000000f3000000,0x00000000f6700000)
 ParOldGen       total 227840K, used 174007K [0x0000000080000000, 0x000000008de80000, 0x00000000d5580000)
  object space 227840K, 76% used [0x0000000080000000,0x000000008a9edc78,0x000000008de80000)
 Metaspace       used 109551K, capacity 118228K, committed 118312K, reserved 1153024K
  class space    used 14113K, capacity 15610K, committed 15664K, reserved 1048576K
Event: 10705.340 GC heap after
Heap after GC invocations=75 (full 4):
 PSYoungGen      total 542208K, used 9046K [0x00000000d5580000, 0x00000000f9e00000, 0x0000000100000000)
  eden space 485888K, 0% used [0x00000000d5580000,0x00000000d5580000,0x00000000f3000000)
  from space 56320K, 16% used [0x00000000f3000000,0x00000000f38d5878,0x00000000f6700000)
  to   space 52736K, 0% used [0x00000000f6a80000,0x00000000f6a80000,0x00000000f9e00000)
 ParOldGen       total 227840K, used 175497K [0x0000000080000000, 0x000000008de80000, 0x00000000d5580000)
  object space 227840K, 77% used [0x0000000080000000,0x000000008ab625e0,0x000000008de80000)
 Metaspace       used 109551K, capacity 118228K, committed 118312K, reserved 1153024K
  class space    used 14113K, capacity 15610K, committed 15664K, reserved 1048576K
}
Event: 10706.582 GC heap before
{Heap before GC invocations=76 (full 4):
 PSYoungGen      total 542208K, used 494934K [0x00000000d5580000, 0x00000000f9e00000, 0x0000000100000000)
  eden space 485888K, 100% used [0x00000000d5580000,0x00000000f3000000,0x00000000f3000000)
  from space 56320K, 16% used [0x00000000f3000000,0x00000000f38d5878,0x00000000f6700000)
  to   space 52736K, 0% used [0x00000000f6a80000,0x00000000f6a80000,0x00000000f9e00000)
 ParOldGen       total 227840K, used 175497K [0x0000000080000000, 0x000000008de80000, 0x00000000d5580000)
  object space 227840K, 77% used [0x0000000080000000,0x000000008ab625e0,0x000000008de80000)
 Metaspace       used 109561K, capacity 118228K, committed 118312K, reserved 1153024K
  class space    used 14113K, capacity 15610K, committed 15664K, reserved 1048576K
Event: 10706.611 GC heap after
Heap after GC invocations=76 (full 4):
 PSYoungGen      total 538624K, used 4608K [0x00000000d5580000, 0x00000000f9e00000, 0x0000000100000000)
  eden space 485888K, 0% used [0x00000000d5580000,0x00000000d5580000,0x00000000f3000000)
  from space 52736K, 8% used [0x00000000f6a80000,0x00000000f6f00080,0x00000000f9e00000)
  to   space 56320K, 0% used [0x00000000f3000000,0x00000000f3000000,0x00000000f6700000)
 ParOldGen       total 227840K, used 181364K [0x0000000080000000, 0x000000008de80000, 0x00000000d5580000)
  object space 227840K, 79% used [0x0000000080000000,0x000000008b11d1c8,0x000000008de80000)
 Metaspace       used 109561K, capacity 118228K, committed 118312K, reserved 1153024K
  class space    used 14113K, capacity 15610K, committed 15664K, reserved 1048576K
}

