# JRE version: OpenJDK Runtime Environment (8.0_242-b01) (build 1.8.0_242-release-1644-b01)
# Java VM: OpenJDK 64-Bit Server VM (25.242-b01 mixed mode windows-amd64 compressed oops)
Heap:
 PSYoungGen      total 101888K, used 93334K [0x00000000d5580000, 0x00000000dc500000, 0x0000000100000000)
  eden space 91648K, 93% used [0x00000000d5580000,0x00000000da8c9b38,0x00000000daf00000)
  from space 10240K, 78% used [0x00000000dbb00000,0x00000000dc2dc090,0x00000000dc500000)
  to   space 11264K, 0% used [0x00000000daf00000,0x00000000daf00000,0x00000000dba00000)
 ParOldGen       total 68608K, used 12578K [0x0000000080000000, 0x0000000084300000, 0x00000000d5580000)
  object space 68608K, 18% used [0x0000000080000000,0x0000000080c488c8,0x0000000084300000)
 Metaspace       used 46531K, capacity 48086K, committed 48384K, reserved 1091584K
  class space    used 6025K, capacity 6339K, committed 6400K, reserved 1048576K
GC Heap History (10 events):
Event: 14.175 GC heap before
{Heap before GC invocations=10 (full 1):
 PSYoungGen      total 55296K, used 51034K [0x00000000d5580000, 0x00000000d9780000, 0x0000000100000000)
  eden space 46080K, 100% used [0x00000000d5580000,0x00000000d8280000,0x00000000d8280000)
  from space 9216K, 53% used [0x00000000d8e80000,0x00000000d9356b88,0x00000000d9780000)
  to   space 10752K, 0% used [0x00000000d8280000,0x00000000d8280000,0x00000000d8d00000)
 ParOldGen       total 61952K, used 8836K [0x0000000080000000, 0x0000000083c80000, 0x00000000d5580000)
  object space 61952K, 14% used [0x0000000080000000,0x00000000808a1368,0x0000000083c80000)
 Metaspace       used 34139K, capacity 35150K, committed 35200K, reserved 1079296K
  class space    used 4480K, capacity 4731K, committed 4736K, reserved 1048576K
Event: 14.188 GC heap after
Heap after GC invocations=10 (full 1):
 PSYoungGen      total 56832K, used 10237K [0x00000000d5580000, 0x00000000da600000, 0x0000000100000000)
  eden space 46080K, 0% used [0x00000000d5580000,0x00000000d5580000,0x00000000d8280000)
  from space 10752K, 95% used [0x00000000d8280000,0x00000000d8c7f5f8,0x00000000d8d00000)
  to   space 11776K, 0% used [0x00000000d9a80000,0x00000000d9a80000,0x00000000da600000)
 ParOldGen       total 61952K, used 8844K [0x0000000080000000, 0x0000000083c80000, 0x00000000d5580000)
  object space 61952K, 14% used [0x0000000080000000,0x00000000808a3368,0x0000000083c80000)
 Metaspace       used 34139K, capacity 35150K, committed 35200K, reserved 1079296K
  class space    used 4480K, capacity 4731K, committed 4736K, reserved 1048576K
}
Event: 14.201 GC heap before
{Heap before GC invocations=11 (full 1):
 PSYoungGen      total 56832K, used 11156K [0x00000000d5580000, 0x00000000da600000, 0x0000000100000000)
  eden space 46080K, 1% used [0x00000000d5580000,0x00000000d5665a50,0x00000000d8280000)
  from space 10752K, 95% used [0x00000000d8280000,0x00000000d8c7f5f8,0x00000000d8d00000)
  to   space 11776K, 0% used [0x00000000d9a80000,0x00000000d9a80000,0x00000000da600000)
 ParOldGen       total 61952K, used 8844K [0x0000000080000000, 0x0000000083c80000, 0x00000000d5580000)
  object space 61952K, 14% used [0x0000000080000000,0x00000000808a3368,0x0000000083c80000)
 Metaspace       used 34207K, capacity 35220K, committed 35416K, reserved 1079296K
  class space    used 4492K, capacity 4732K, committed 4736K, reserved 1048576K
Event: 14.209 GC heap after
Heap after GC invocations=11 (full 1):
 PSYoungGen      total 71168K, used 6052K [0x00000000d5580000, 0x00000000db200000, 0x0000000100000000)
  eden space 59392K, 0% used [0x00000000d5580000,0x00000000d5580000,0x00000000d8f80000)
  from space 11776K, 51% used [0x00000000d9a80000,0x00000000da0690a0,0x00000000da600000)
  to   space 11264K, 0% used [0x00000000d8f80000,0x00000000d8f80000,0x00000000d9a80000)
 ParOldGen       total 61952K, used 8852K [0x0000000080000000, 0x0000000083c80000, 0x00000000d5580000)
  object space 61952K, 14% used [0x0000000080000000,0x00000000808a5368,0x0000000083c80000)
 Metaspace       used 34207K, capacity 35220K, committed 35416K, reserved 1079296K
  class space    used 4492K, capacity 4732K, committed 4736K, reserved 1048576K
}
Event: 14.209 GC heap before
{Heap before GC invocations=12 (full 2):
 PSYoungGen      total 71168K, used 6052K [0x00000000d5580000, 0x00000000db200000, 0x0000000100000000)
  eden space 59392K, 0% used [0x00000000d5580000,0x00000000d5580000,0x00000000d8f80000)
  from space 11776K, 51% used [0x00000000d9a80000,0x00000000da0690a0,0x00000000da600000)
  to   space 11264K, 0% used [0x00000000d8f80000,0x00000000d8f80000,0x00000000d9a80000)
 ParOldGen       total 61952K, used 8852K [0x0000000080000000, 0x0000000083c80000, 0x00000000d5580000)
  object space 61952K, 14% used [0x0000000080000000,0x00000000808a5368,0x0000000083c80000)
 Metaspace       used 34207K, capacity 35220K, committed 35416K, reserved 1079296K
  class space    used 4492K, capacity 4732K, committed 4736K, reserved 1048576K
Event: 14.259 GC heap after
Heap after GC invocations=12 (full 2):
 PSYoungGen      total 71168K, used 0K [0x00000000d5580000, 0x00000000db200000, 0x0000000100000000)
  eden space 59392K, 0% used [0x00000000d5580000,0x00000000d5580000,0x00000000d8f80000)
  from space 11776K, 0% used [0x00000000d9a80000,0x00000000d9a80000,0x00000000da600000)
  to   space 11264K, 0% used [0x00000000d8f80000,0x00000000d8f80000,0x00000000d9a80000)
 ParOldGen       total 68608K, used 12570K [0x0000000080000000, 0x0000000084300000, 0x00000000d5580000)
  object space 68608K, 18% used [0x0000000080000000,0x0000000080c468c8,0x0000000084300000)
 Metaspace       used 34203K, capacity 35214K, committed 35416K, reserved 1079296K
  class space    used 4490K, capacity 4730K, committed 4736K, reserved 1048576K
}
Event: 15.261 GC heap before
{Heap before GC invocations=13 (full 2):
 PSYoungGen      total 71168K, used 59392K [0x00000000d5580000, 0x00000000db200000, 0x0000000100000000)
  eden space 59392K, 100% used [0x00000000d5580000,0x00000000d8f80000,0x00000000d8f80000)
  from space 11776K, 0% used [0x00000000d9a80000,0x00000000d9a80000,0x00000000da600000)
  to   space 11264K, 0% used [0x00000000d8f80000,0x00000000d8f80000,0x00000000d9a80000)
 ParOldGen       total 68608K, used 12570K [0x0000000080000000, 0x0000000084300000, 0x00000000d5580000)
  object space 68608K, 18% used [0x0000000080000000,0x0000000080c468c8,0x0000000084300000)
 Metaspace       used 37126K, capacity 38294K, committed 38656K, reserved 1083392K
  class space    used 4978K, capacity 5259K, committed 5376K, reserved 1048576K
Event: 15.267 GC heap after
Heap after GC invocations=13 (full 2):
 PSYoungGen      total 70656K, used 4917K [0x00000000d5580000, 0x00000000dc600000, 0x0000000100000000)
  eden space 59392K, 0% used [0x00000000d5580000,0x00000000d5580000,0x00000000d8f80000)
  from space 11264K, 43% used [0x00000000d8f80000,0x00000000d944d5d0,0x00000000d9a80000)
  to   space 11264K, 0% used [0x00000000dbb00000,0x00000000dbb00000,0x00000000dc600000)
 ParOldGen       total 68608K, used 12570K [0x0000000080000000, 0x0000000084300000, 0x00000000d5580000)
  object space 68608K, 18% used [0x0000000080000000,0x0000000080c468c8,0x0000000084300000)
 Metaspace       used 37126K, capacity 38294K, committed 38656K, reserved 1083392K
  class space    used 4978K, capacity 5259K, committed 5376K, reserved 1048576K
}
Event: 16.978 GC heap before
{Heap before GC invocations=14 (full 2):
 PSYoungGen      total 70656K, used 64309K [0x00000000d5580000, 0x00000000dc600000, 0x0000000100000000)
  eden space 59392K, 100% used [0x00000000d5580000,0x00000000d8f80000,0x00000000d8f80000)
  from space 11264K, 43% used [0x00000000d8f80000,0x00000000d944d5d0,0x00000000d9a80000)
  to   space 11264K, 0% used [0x00000000dbb00000,0x00000000dbb00000,0x00000000dc600000)
 ParOldGen       total 68608K, used 12570K [0x0000000080000000, 0x0000000084300000, 0x00000000d5580000)
  object space 68608K, 18% used [0x0000000080000000,0x0000000080c468c8,0x0000000084300000)
 Metaspace       used 41145K, capacity 42628K, committed 42752K, reserved 1085440K
  class space    used 5536K, capacity 5880K, committed 5888K, reserved 1048576K
Event: 16.992 GC heap after
Heap after GC invocations=14 (full 2):
 PSYoungGen      total 101888K, used 8048K [0x00000000d5580000, 0x00000000dc500000, 0x0000000100000000)
  eden space 91648K, 0% used [0x00000000d5580000,0x00000000d5580000,0x00000000daf00000)
  from space 10240K, 78% used [0x00000000dbb00000,0x00000000dc2dc090,0x00000000dc500000)
  to   space 11264K, 0% used [0x00000000daf00000,0x00000000daf00000,0x00000000dba00000)
 ParOldGen       total 68608K, used 12578K [0x0000000080000000, 0x0000000084300000, 0x00000000d5580000)
  object space 68608K, 18% used [0x0000000080000000,0x0000000080c488c8,0x0000000084300000)
 Metaspace       used 41145K, capacity 42628K, committed 42752K, reserved 1085440K
  class space    used 5536K, capacity 5880K, committed 5888K, reserved 1048576K
}

