# JRE version: OpenJDK Runtime Environment (8.0_242-b01) (build 1.8.0_242-release-1644-b01)
# Java VM: OpenJDK 64-Bit Server VM (25.242-b01 mixed mode windows-amd64 compressed oops)
Heap:
 PSYoungGen      total 199168K, used 73634K [0x00000000d5580000, 0x00000000e2500000, 0x0000000100000000)
  eden space 188928K, 38% used [0x00000000d5580000,0x00000000d9d68948,0x00000000e0e00000)
  from space 10240K, 0% used [0x00000000e1b00000,0x00000000e1b00000,0x00000000e2500000)
  to   space 11776K, 0% used [0x00000000e0e00000,0x00000000e0e00000,0x00000000e1980000)
 ParOldGen       total 86528K, used 29999K [0x0000000080000000, 0x0000000085480000, 0x00000000d5580000)
  object space 86528K, 34% used [0x0000000080000000,0x0000000081d4bd78,0x0000000085480000)
 Metaspace       used 59986K, capacity 62224K, committed 62552K, reserved 1103872K
  class space    used 7717K, capacity 8212K, committed 8320K, reserved 1048576K
GC Heap History (10 events):
Event: 30.471 GC heap before
{Heap before GC invocations=15 (full 2):
 PSYoungGen      total 175104K, used 171330K [0x00000000d5580000, 0x00000000e1280000, 0x0000000100000000)
  eden space 163328K, 100% used [0x00000000d5580000,0x00000000df500000,0x00000000df500000)
  from space 11776K, 67% used [0x00000000e0000000,0x00000000e07d0870,0x00000000e0b80000)
  to   space 11264K, 0% used [0x00000000df500000,0x00000000df500000,0x00000000e0000000)
 ParOldGen       total 86528K, used 14183K [0x0000000080000000, 0x0000000085480000, 0x00000000d5580000)
  object space 86528K, 16% used [0x0000000080000000,0x0000000080dd9c38,0x0000000085480000)
 Metaspace       used 44220K, capacity 45934K, committed 46040K, reserved 1089536K
  class space    used 5785K, capacity 6134K, committed 6144K, reserved 1048576K
Event: 30.478 GC heap after
Heap after GC invocations=15 (full 2):
 PSYoungGen      total 174592K, used 7344K [0x00000000d5580000, 0x00000000e2600000, 0x0000000100000000)
  eden space 163328K, 0% used [0x00000000d5580000,0x00000000d5580000,0x00000000df500000)
  from space 11264K, 65% used [0x00000000df500000,0x00000000dfc2c1e0,0x00000000e0000000)
  to   space 11264K, 0% used [0x00000000e1b00000,0x00000000e1b00000,0x00000000e2600000)
 ParOldGen       total 86528K, used 14191K [0x0000000080000000, 0x0000000085480000, 0x00000000d5580000)
  object space 86528K, 16% used [0x0000000080000000,0x0000000080ddbc38,0x0000000085480000)
 Metaspace       used 44220K, capacity 45934K, committed 46040K, reserved 1089536K
  class space    used 5785K, capacity 6134K, committed 6144K, reserved 1048576K
}
Event: 32.327 GC heap before
{Heap before GC invocations=16 (full 2):
 PSYoungGen      total 174592K, used 170672K [0x00000000d5580000, 0x00000000e2600000, 0x0000000100000000)
  eden space 163328K, 100% used [0x00000000d5580000,0x00000000df500000,0x00000000df500000)
  from space 11264K, 65% used [0x00000000df500000,0x00000000dfc2c1e0,0x00000000e0000000)
  to   space 11264K, 0% used [0x00000000e1b00000,0x00000000e1b00000,0x00000000e2600000)
 ParOldGen       total 86528K, used 14191K [0x0000000080000000, 0x0000000085480000, 0x00000000d5580000)
  object space 86528K, 16% used [0x0000000080000000,0x0000000080ddbc38,0x0000000085480000)
 Metaspace       used 44220K, capacity 45934K, committed 46040K, reserved 1089536K
  class space    used 5785K, capacity 6134K, committed 6144K, reserved 1048576K
Event: 32.338 GC heap after
Heap after GC invocations=16 (full 2):
 PSYoungGen      total 199168K, used 9655K [0x00000000d5580000, 0x00000000e2500000, 0x0000000100000000)
  eden space 188928K, 0% used [0x00000000d5580000,0x00000000d5580000,0x00000000e0e00000)
  from space 10240K, 94% used [0x00000000e1b00000,0x00000000e246dd70,0x00000000e2500000)
  to   space 11776K, 0% used [0x00000000e0e00000,0x00000000e0e00000,0x00000000e1980000)
 ParOldGen       total 86528K, used 14191K [0x0000000080000000, 0x0000000085480000, 0x00000000d5580000)
  object space 86528K, 16% used [0x0000000080000000,0x0000000080ddbc38,0x0000000085480000)
 Metaspace       used 44220K, capacity 45934K, committed 46040K, reserved 1089536K
  class space    used 5785K, capacity 6134K, committed 6144K, reserved 1048576K
}
Event: 36.778 GC heap before
{Heap before GC invocations=17 (full 2):
 PSYoungGen      total 199168K, used 198583K [0x00000000d5580000, 0x00000000e2500000, 0x0000000100000000)
  eden space 188928K, 100% used [0x00000000d5580000,0x00000000e0e00000,0x00000000e0e00000)
  from space 10240K, 94% used [0x00000000e1b00000,0x00000000e246dd70,0x00000000e2500000)
  to   space 11776K, 0% used [0x00000000e0e00000,0x00000000e0e00000,0x00000000e1980000)
 ParOldGen       total 86528K, used 14191K [0x0000000080000000, 0x0000000085480000, 0x00000000d5580000)
  object space 86528K, 16% used [0x0000000080000000,0x0000000080ddbc38,0x0000000085480000)
 Metaspace       used 53279K, capacity 55362K, committed 55640K, reserved 1097728K
  class space    used 6872K, capacity 7286K, committed 7296K, reserved 1048576K
Event: 36.798 GC heap after
Heap after GC invocations=17 (full 2):
 PSYoungGen      total 200704K, used 11750K [0x00000000d5580000, 0x00000000e2500000, 0x0000000100000000)
  eden space 188928K, 0% used [0x00000000d5580000,0x00000000d5580000,0x00000000e0e00000)
  from space 11776K, 99% used [0x00000000e0e00000,0x00000000e1979958,0x00000000e1980000)
  to   space 10240K, 0% used [0x00000000e1b00000,0x00000000e1b00000,0x00000000e2500000)
 ParOldGen       total 86528K, used 20480K [0x0000000080000000, 0x0000000085480000, 0x00000000d5580000)
  object space 86528K, 23% used [0x0000000080000000,0x0000000081400168,0x0000000085480000)
 Metaspace       used 53279K, capacity 55362K, committed 55640K, reserved 1097728K
  class space    used 6872K, capacity 7286K, committed 7296K, reserved 1048576K
}
Event: 42.685 GC heap before
{Heap before GC invocations=18 (full 2):
 PSYoungGen      total 200704K, used 65791K [0x00000000d5580000, 0x00000000e2500000, 0x0000000100000000)
  eden space 188928K, 28% used [0x00000000d5580000,0x00000000d8a46598,0x00000000e0e00000)
  from space 11776K, 99% used [0x00000000e0e00000,0x00000000e1979958,0x00000000e1980000)
  to   space 10240K, 0% used [0x00000000e1b00000,0x00000000e1b00000,0x00000000e2500000)
 ParOldGen       total 86528K, used 20480K [0x0000000080000000, 0x0000000085480000, 0x00000000d5580000)
  object space 86528K, 23% used [0x0000000080000000,0x0000000081400168,0x0000000085480000)
 Metaspace       used 56793K, capacity 58898K, committed 59028K, reserved 1101824K
  class space    used 7310K, capacity 7734K, committed 7808K, reserved 1048576K
Event: 42.701 GC heap after
Heap after GC invocations=18 (full 2):
 PSYoungGen      total 199168K, used 10238K [0x00000000d5580000, 0x00000000e2500000, 0x0000000100000000)
  eden space 188928K, 0% used [0x00000000d5580000,0x00000000d5580000,0x00000000e0e00000)
  from space 10240K, 99% used [0x00000000e1b00000,0x00000000e24ff8c0,0x00000000e2500000)
  to   space 11776K, 0% used [0x00000000e0e00000,0x00000000e0e00000,0x00000000e1980000)
 ParOldGen       total 86528K, used 28281K [0x0000000080000000, 0x0000000085480000, 0x00000000d5580000)
  object space 86528K, 32% used [0x0000000080000000,0x0000000081b9e570,0x0000000085480000)
 Metaspace       used 56793K, capacity 58898K, committed 59028K, reserved 1101824K
  class space    used 7310K, capacity 7734K, committed 7808K, reserved 1048576K
}
Event: 42.701 GC heap before
{Heap before GC invocations=19 (full 3):
 PSYoungGen      total 199168K, used 10238K [0x00000000d5580000, 0x00000000e2500000, 0x0000000100000000)
  eden space 188928K, 0% used [0x00000000d5580000,0x00000000d5580000,0x00000000e0e00000)
  from space 10240K, 99% used [0x00000000e1b00000,0x00000000e24ff8c0,0x00000000e2500000)
  to   space 11776K, 0% used [0x00000000e0e00000,0x00000000e0e00000,0x00000000e1980000)
 ParOldGen       total 86528K, used 28281K [0x0000000080000000, 0x0000000085480000, 0x00000000d5580000)
  object space 86528K, 32% used [0x0000000080000000,0x0000000081b9e570,0x0000000085480000)
 Metaspace       used 56793K, capacity 58898K, committed 59028K, reserved 1101824K
  class space    used 7310K, capacity 7734K, committed 7808K, reserved 1048576K
Event: 42.921 GC heap after
Heap after GC invocations=19 (full 3):
 PSYoungGen      total 199168K, used 0K [0x00000000d5580000, 0x00000000e2500000, 0x0000000100000000)
  eden space 188928K, 0% used [0x00000000d5580000,0x00000000d5580000,0x00000000e0e00000)
  from space 10240K, 0% used [0x00000000e1b00000,0x00000000e1b00000,0x00000000e2500000)
  to   space 11776K, 0% used [0x00000000e0e00000,0x00000000e0e00000,0x00000000e1980000)
 ParOldGen       total 86528K, used 29999K [0x0000000080000000, 0x0000000085480000, 0x00000000d5580000)
  object space 86528K, 34% used [0x0000000080000000,0x0000000081d4bd78,0x0000000085480000)
 Metaspace       used 56731K, capacity 58684K, committed 59028K, reserved 1101824K
  class space    used 7292K, capacity 7711K, committed 7808K, reserved 1048576K
}

